mode: atomic
github.com/blankdots/iceye-cmgs/cmd/cronjob/cronjob.go:36.32,39.16 2 0
github.com/blankdots/iceye-cmgs/cmd/cronjob/cronjob.go:39.16,41.3 1 0
github.com/blankdots/iceye-cmgs/cmd/cronjob/cronjob.go:43.2,47.16 4 0
github.com/blankdots/iceye-cmgs/cmd/cronjob/cronjob.go:47.16,49.3 1 0
github.com/blankdots/iceye-cmgs/cmd/cronjob/cronjob.go:51.2,60.11 4 0
github.com/blankdots/iceye-cmgs/cmd/cronjob/cronjob.go:63.27,64.23 1 0
github.com/blankdots/iceye-cmgs/cmd/cronjob/cronjob.go:64.23,66.3 1 0
github.com/blankdots/iceye-cmgs/cmd/cronjob/cronjob.go:69.26,74.16 3 0
github.com/blankdots/iceye-cmgs/cmd/cronjob/cronjob.go:74.16,76.3 1 0
github.com/blankdots/iceye-cmgs/cmd/cronjob/cronjob.go:78.2,79.16 2 0
github.com/blankdots/iceye-cmgs/cmd/cronjob/cronjob.go:79.16,81.3 1 0
github.com/blankdots/iceye-cmgs/cmd/cronjob/cronjob.go:85.2,87.16 3 0
github.com/blankdots/iceye-cmgs/cmd/cronjob/cronjob.go:87.16,89.3 1 0
github.com/blankdots/iceye-cmgs/cmd/cronjob/cronjob.go:91.2,91.50 1 0
github.com/blankdots/iceye-cmgs/cmd/cronjob/cronjob.go:91.50,98.17 3 0
github.com/blankdots/iceye-cmgs/cmd/cronjob/cronjob.go:98.17,100.4 1 0
github.com/blankdots/iceye-cmgs/cmd/cronjob/cronjob.go:104.13,106.2 1 0
github.com/blankdots/iceye-cmgs/internal/config/config.go:31.39,44.45 8 0
github.com/blankdots/iceye-cmgs/internal/config/config.go:44.45,45.55 1 0
github.com/blankdots/iceye-cmgs/internal/config/config.go:45.55,47.4 1 0
github.com/blankdots/iceye-cmgs/internal/config/config.go:47.9,49.4 1 0
github.com/blankdots/iceye-cmgs/internal/config/config.go:52.2,54.30 2 0
github.com/blankdots/iceye-cmgs/internal/config/config.go:54.30,57.17 3 0
github.com/blankdots/iceye-cmgs/internal/config/config.go:57.17,60.4 2 0
github.com/blankdots/iceye-cmgs/internal/config/config.go:61.3,62.54 2 0
github.com/blankdots/iceye-cmgs/internal/config/config.go:65.2,67.13 2 0
github.com/blankdots/iceye-cmgs/internal/config/config.go:68.17,73.21 3 0
github.com/blankdots/iceye-cmgs/internal/config/config.go:75.13,80.21 3 0
github.com/blankdots/iceye-cmgs/internal/config/config.go:82.10,83.72 1 0
github.com/blankdots/iceye-cmgs/internal/config/config.go:86.2,86.15 1 0
github.com/blankdots/iceye-cmgs/internal/config/config.go:89.30,103.2 8 0
github.com/blankdots/iceye-cmgs/internal/config/config.go:105.28,119.2 6 0
github.com/blankdots/iceye-cmgs/internal/config/config.go:121.35,135.2 8 0
github.com/blankdots/iceye-cmgs/internal/database/database.go:29.76,33.22 2 0
github.com/blankdots/iceye-cmgs/internal/database/database.go:33.22,35.3 1 0
github.com/blankdots/iceye-cmgs/internal/database/database.go:37.2,38.16 2 0
github.com/blankdots/iceye-cmgs/internal/database/database.go:38.16,40.3 1 0
github.com/blankdots/iceye-cmgs/internal/database/database.go:42.2,46.16 4 0
github.com/blankdots/iceye-cmgs/internal/database/database.go:46.16,48.3 1 0
github.com/blankdots/iceye-cmgs/internal/database/database.go:50.2,52.18 2 0
github.com/blankdots/iceye-cmgs/internal/database/database.go:56.90,61.63 1 0
github.com/blankdots/iceye-cmgs/internal/database/database.go:61.63,65.3 2 0
github.com/blankdots/iceye-cmgs/internal/database/database.go:67.2,67.12 1 0
github.com/blankdots/iceye-cmgs/internal/database/database.go:72.76,79.16 3 0
github.com/blankdots/iceye-cmgs/internal/database/database.go:79.16,83.3 2 0
github.com/blankdots/iceye-cmgs/internal/database/database.go:85.2,85.28 1 0
github.com/blankdots/iceye-cmgs/internal/database/database.go:89.35,90.19 1 0
github.com/blankdots/iceye-cmgs/internal/database/database.go:90.19,92.3 1 0
github.com/blankdots/iceye-cmgs/internal/database/database.go:94.2,94.12 1 0
github.com/blankdots/iceye-cmgs/internal/database/database.go:29.76,33.22 2 0
github.com/blankdots/iceye-cmgs/internal/database/database.go:33.22,35.3 1 0
github.com/blankdots/iceye-cmgs/internal/database/database.go:37.2,38.16 2 0
github.com/blankdots/iceye-cmgs/internal/database/database.go:38.16,40.3 1 0
github.com/blankdots/iceye-cmgs/internal/database/database.go:42.2,46.16 4 0
github.com/blankdots/iceye-cmgs/internal/database/database.go:46.16,48.3 1 0
github.com/blankdots/iceye-cmgs/internal/database/database.go:50.2,52.18 2 0
github.com/blankdots/iceye-cmgs/internal/database/database.go:56.90,61.63 1 0
github.com/blankdots/iceye-cmgs/internal/database/database.go:61.63,65.3 2 0
github.com/blankdots/iceye-cmgs/internal/database/database.go:67.2,67.12 1 0
github.com/blankdots/iceye-cmgs/internal/database/database.go:72.76,79.16 3 0
github.com/blankdots/iceye-cmgs/internal/database/database.go:79.16,83.3 2 0
github.com/blankdots/iceye-cmgs/internal/database/database.go:85.2,85.28 1 0
github.com/blankdots/iceye-cmgs/internal/database/database.go:89.35,90.19 1 0
github.com/blankdots/iceye-cmgs/internal/database/database.go:90.19,92.3 1 0
github.com/blankdots/iceye-cmgs/internal/database/database.go:94.2,94.12 1 0
github.com/blankdots/iceye-cmgs/internal/config/config.go:31.39,44.45 8 0
github.com/blankdots/iceye-cmgs/internal/config/config.go:44.45,45.55 1 0
github.com/blankdots/iceye-cmgs/internal/config/config.go:45.55,47.4 1 0
github.com/blankdots/iceye-cmgs/internal/config/config.go:47.9,49.4 1 0
github.com/blankdots/iceye-cmgs/internal/config/config.go:52.2,54.30 2 0
github.com/blankdots/iceye-cmgs/internal/config/config.go:54.30,57.17 3 0
github.com/blankdots/iceye-cmgs/internal/config/config.go:57.17,60.4 2 0
github.com/blankdots/iceye-cmgs/internal/config/config.go:61.3,62.54 2 0
github.com/blankdots/iceye-cmgs/internal/config/config.go:65.2,67.13 2 0
github.com/blankdots/iceye-cmgs/internal/config/config.go:68.17,73.21 3 0
github.com/blankdots/iceye-cmgs/internal/config/config.go:75.13,80.21 3 0
github.com/blankdots/iceye-cmgs/internal/config/config.go:82.10,83.72 1 0
github.com/blankdots/iceye-cmgs/internal/config/config.go:86.2,86.15 1 0
github.com/blankdots/iceye-cmgs/internal/config/config.go:89.30,103.2 8 0
github.com/blankdots/iceye-cmgs/internal/config/config.go:105.28,119.2 6 0
github.com/blankdots/iceye-cmgs/internal/config/config.go:121.35,135.2 8 0
github.com/blankdots/iceye-cmgs/cmd/api/api.go:29.13,32.16 2 0
github.com/blankdots/iceye-cmgs/cmd/api/api.go:32.16,34.3 1 0
github.com/blankdots/iceye-cmgs/cmd/api/api.go:37.2,41.16 4 0
github.com/blankdots/iceye-cmgs/cmd/api/api.go:41.16,43.3 1 0
github.com/blankdots/iceye-cmgs/cmd/api/api.go:45.2,70.12 8 0
github.com/blankdots/iceye-cmgs/cmd/api/api.go:70.12,71.77 1 0
github.com/blankdots/iceye-cmgs/cmd/api/api.go:71.77,73.4 1 0
github.com/blankdots/iceye-cmgs/cmd/api/api.go:77.2,88.42 7 0
github.com/blankdots/iceye-cmgs/cmd/api/api.go:88.42,90.3 1 0
github.com/blankdots/iceye-cmgs/cmd/api/api.go:92.2,92.28 1 0
github.com/blankdots/iceye-cmgs/cmd/api/api.go:95.17,97.2 1 0
github.com/blankdots/iceye-cmgs/cmd/api/api.go:99.50,100.18 1 0
github.com/blankdots/iceye-cmgs/cmd/api/api.go:100.18,102.3 1 0
github.com/blankdots/iceye-cmgs/cmd/api/api.go:104.2,106.21 2 0
github.com/blankdots/iceye-cmgs/cmd/api/api.go:109.34,111.16 2 0
github.com/blankdots/iceye-cmgs/cmd/api/api.go:111.16,116.3 2 0
github.com/blankdots/iceye-cmgs/cmd/api/api.go:118.2,118.26 1 0
github.com/blankdots/iceye-cmgs/cmd/api/api.go:118.26,123.3 2 0
github.com/blankdots/iceye-cmgs/cmd/api/api.go:125.2,128.19 4 0
github.com/blankdots/iceye-cmgs/cmd/api/api.go:132.37,136.2 1 1
github.com/blankdots/iceye-cmgs/internal/config/config.go:31.39,44.45 8 0
github.com/blankdots/iceye-cmgs/internal/config/config.go:44.45,45.55 1 0
github.com/blankdots/iceye-cmgs/internal/config/config.go:45.55,47.4 1 0
github.com/blankdots/iceye-cmgs/internal/config/config.go:47.9,49.4 1 0
github.com/blankdots/iceye-cmgs/internal/config/config.go:52.2,54.30 2 0
github.com/blankdots/iceye-cmgs/internal/config/config.go:54.30,57.17 3 0
github.com/blankdots/iceye-cmgs/internal/config/config.go:57.17,60.4 2 0
github.com/blankdots/iceye-cmgs/internal/config/config.go:61.3,62.54 2 0
github.com/blankdots/iceye-cmgs/internal/config/config.go:65.2,67.13 2 0
github.com/blankdots/iceye-cmgs/internal/config/config.go:68.17,73.21 3 0
github.com/blankdots/iceye-cmgs/internal/config/config.go:75.13,80.21 3 0
github.com/blankdots/iceye-cmgs/internal/config/config.go:82.10,83.72 1 0
github.com/blankdots/iceye-cmgs/internal/config/config.go:86.2,86.15 1 0
github.com/blankdots/iceye-cmgs/internal/config/config.go:89.30,103.2 8 0
github.com/blankdots/iceye-cmgs/internal/config/config.go:105.28,119.2 6 0
github.com/blankdots/iceye-cmgs/internal/config/config.go:121.35,135.2 8 0
github.com/blankdots/iceye-cmgs/internal/database/database.go:29.76,33.22 2 0
github.com/blankdots/iceye-cmgs/internal/database/database.go:33.22,35.3 1 0
github.com/blankdots/iceye-cmgs/internal/database/database.go:37.2,38.16 2 0
github.com/blankdots/iceye-cmgs/internal/database/database.go:38.16,40.3 1 0
github.com/blankdots/iceye-cmgs/internal/database/database.go:42.2,46.16 4 0
github.com/blankdots/iceye-cmgs/internal/database/database.go:46.16,48.3 1 0
github.com/blankdots/iceye-cmgs/internal/database/database.go:50.2,52.18 2 0
github.com/blankdots/iceye-cmgs/internal/database/database.go:56.90,61.63 1 0
github.com/blankdots/iceye-cmgs/internal/database/database.go:61.63,65.3 2 0
github.com/blankdots/iceye-cmgs/internal/database/database.go:67.2,67.12 1 0
github.com/blankdots/iceye-cmgs/internal/database/database.go:72.76,79.16 3 0
github.com/blankdots/iceye-cmgs/internal/database/database.go:79.16,83.3 2 0
github.com/blankdots/iceye-cmgs/internal/database/database.go:85.2,85.28 1 0
github.com/blankdots/iceye-cmgs/internal/database/database.go:89.35,90.19 1 0
github.com/blankdots/iceye-cmgs/internal/database/database.go:90.19,92.3 1 0
github.com/blankdots/iceye-cmgs/internal/database/database.go:94.2,94.12 1 0
